<?xml version="1.0" encoding="UTF-8"?>
<testng-results ignored="3" total="11" passed="7" failed="1" skipped="0">
  <reporter-output>
  </reporter-output>
  <suite started-at="2022-07-11T18:10:37 IST" name="restful-booker-suite" finished-at="2022-07-11T18:11:04 IST" duration-ms="27069">
    <groups>
    </groups>
    <test started-at="2022-07-11T18:10:37 IST" name="restful-booker-test" finished-at="2022-07-11T18:11:04 IST" duration-ms="27069">
      <class name="api.tests.MultipleBookingTests">
        <test-method signature="getBooking()[pri:0, instance:api.tests.MultipleBookingTests@21d03963]" started-at="2022-07-11T18:10:49 IST" name="getBooking" description="Get All Bookings Created test" finished-at="2022-07-11T18:10:57 IST" duration-ms="7981" status="PASS">
          <reporter-output>
          </reporter-output>
        </test-method> <!-- getBooking -->
      </class> <!-- api.tests.MultipleBookingTests -->
      <class name="api.tests.NegativeTests">
        <test-method signature="createBooking()[pri:0, instance:api.tests.NegativeTests@1f760b47]" started-at="2022-07-11T18:10:57 IST" name="createBooking" description="CreateBooking with Blank name, negative amount" finished-at="2022-07-11T18:10:58 IST" duration-ms="1441" status="FAIL">
          <exception class="java.lang.AssertionError">
            <message>
              <![CDATA[expected [400] but found [200]]]>
            </message>
            <full-stacktrace>
              <![CDATA[java.lang.AssertionError: expected [400] but found [200]
at org.testng.Assert.fail(Assert.java:110)
at org.testng.Assert.failNotEquals(Assert.java:1413)
at org.testng.Assert.assertEqualsImpl(Assert.java:149)
at org.testng.Assert.assertEquals(Assert.java:131)
at org.testng.Assert.assertEquals(Assert.java:1240)
at org.testng.Assert.assertEquals(Assert.java:1274)
at api.tests.NegativeTests.createBooking(NegativeTests.java:27)
at java.base/jdk.internal.reflect.NativeMethodAccessorImpl.invoke0(Native Method)
at java.base/jdk.internal.reflect.NativeMethodAccessorImpl.invoke(NativeMethodAccessorImpl.java:62)
at java.base/jdk.internal.reflect.DelegatingMethodAccessorImpl.invoke(DelegatingMethodAccessorImpl.java:43)
at java.base/java.lang.reflect.Method.invoke(Method.java:564)
at org.testng.internal.invokers.MethodInvocationHelper.invokeMethod(MethodInvocationHelper.java:135)
at org.testng.internal.invokers.TestInvoker.invokeMethod(TestInvoker.java:673)
at org.testng.internal.invokers.TestInvoker.invokeTestMethod(TestInvoker.java:220)
at org.testng.internal.invokers.MethodRunner.runInSequence(MethodRunner.java:50)
at org.testng.internal.invokers.TestInvoker$MethodInvocationAgent.invoke(TestInvoker.java:945)
at org.testng.internal.invokers.TestInvoker.invokeTestMethods(TestInvoker.java:193)
at org.testng.internal.invokers.TestMethodWorker.invokeTestMethods(TestMethodWorker.java:146)
at org.testng.internal.invokers.TestMethodWorker.run(TestMethodWorker.java:128)
at java.base/java.util.ArrayList.forEach(ArrayList.java:1510)
at org.testng.TestRunner.privateRun(TestRunner.java:808)
at org.testng.TestRunner.run(TestRunner.java:603)
at org.testng.SuiteRunner.runTest(SuiteRunner.java:429)
at org.testng.SuiteRunner.runSequentially(SuiteRunner.java:423)
at org.testng.SuiteRunner.privateRun(SuiteRunner.java:383)
at org.testng.SuiteRunner.run(SuiteRunner.java:326)
at org.testng.SuiteRunnerWorker.runSuite(SuiteRunnerWorker.java:52)
at org.testng.SuiteRunnerWorker.run(SuiteRunnerWorker.java:95)
at org.testng.TestNG.runSuitesSequentially(TestNG.java:1249)
at org.testng.TestNG.runSuitesLocally(TestNG.java:1169)
at org.testng.TestNG.runSuites(TestNG.java:1092)
at org.testng.TestNG.run(TestNG.java:1060)
at org.testng.remote.AbstractRemoteTestNG.run(AbstractRemoteTestNG.java:115)
at org.testng.remote.RemoteTestNG.initAndRun(RemoteTestNG.java:251)
at org.testng.remote.RemoteTestNG.main(RemoteTestNG.java:77)
]]>
            </full-stacktrace>
          </exception> <!-- java.lang.AssertionError -->
          <reporter-output>
          </reporter-output>
        </test-method> <!-- createBooking -->
        <test-method signature="getBooking()[pri:0, instance:api.tests.NegativeTests@1f760b47]" started-at="2022-07-11T18:10:58 IST" name="getBooking" description="GetBooking for ID not existing" finished-at="2022-07-11T18:11:00 IST" duration-ms="1459" status="PASS">
          <reporter-output>
          </reporter-output>
        </test-method> <!-- getBooking -->
      </class> <!-- api.tests.NegativeTests -->
      <class name="api.tests.BookingTest">
        <test-method is-config="true" signature="setAuthToken()[pri:0, instance:api.tests.BookingTest@3e62d773]" started-at="2022-07-11T18:10:32 IST" name="setAuthToken" finished-at="2022-07-11T18:10:37 IST" duration-ms="4340" status="PASS">
          <reporter-output>
          </reporter-output>
        </test-method> <!-- setAuthToken -->
        <test-method signature="createBooking()[pri:0, instance:api.tests.BookingTest@3e62d773]" started-at="2022-07-11T18:10:37 IST" name="createBooking" description="CreateBooking Service Test" finished-at="2022-07-11T18:10:39 IST" duration-ms="1775" status="PASS">
          <reporter-output>
          </reporter-output>
        </test-method> <!-- createBooking -->
        <test-method signature="deleteBooking()[pri:0, instance:api.tests.BookingTest@3e62d773]" started-at="2022-07-11T18:10:39 IST" name="deleteBooking" description="DeleteBooking Service Test" finished-at="2022-07-11T18:10:42 IST" duration-ms="3652" status="PASS">
          <reporter-output>
          </reporter-output>
        </test-method> <!-- deleteBooking -->
        <test-method signature="getBooking()[pri:0, instance:api.tests.BookingTest@3e62d773]" started-at="2022-07-11T18:10:42 IST" name="getBooking" description="GetBooking Service Test" finished-at="2022-07-11T18:10:45 IST" duration-ms="2645" status="PASS">
          <reporter-output>
          </reporter-output>
        </test-method> <!-- getBooking -->
        <test-method signature="updateBooking()[pri:0, instance:api.tests.BookingTest@3e62d773]" started-at="2022-07-11T18:10:45 IST" name="updateBooking" description="UpdateBooking Service Test" finished-at="2022-07-11T18:10:49 IST" duration-ms="4092" status="PASS">
          <reporter-output>
          </reporter-output>
        </test-method> <!-- updateBooking -->
      </class> <!-- api.tests.BookingTest -->
      <class name="api.tests.PartialUpdateVerification">
        <test-method signature="updateBooking()[pri:0, instance:api.tests.PartialUpdateVerification@18ece7f4]" started-at="2022-07-11T18:11:00 IST" name="updateBooking" description="Get All Bookings Created test" finished-at="2022-07-11T18:11:04 IST" duration-ms="3959" status="PASS">
          <reporter-output>
          </reporter-output>
        </test-method> <!-- updateBooking -->
      </class> <!-- api.tests.PartialUpdateVerification -->
    </test> <!-- restful-booker-test -->
  </suite> <!-- restful-booker-suite -->
</testng-results>
